*** Using Compiler 'V6.13.1', folder: 'D:\keil\ARM\ARMCLANG\Bin'
Rebuild target 'microSD_WR'
assembling startup_stm32f103xe.s...
compiling stm32f1xx_hal_msp.c...
compiling dma.c...
compiling main.c...
compiling usart.c...
compiling stm32f1xx_it.c...
compiling stm32f1xx_hal_gpio_ex.c...
compiling gpio.c...
compiling stm32f1xx_hal.c...
compiling spi.c...
compiling stm32f1xx_hal_rcc_ex.c...
compiling stm32f1xx_hal_rcc.c...
compiling stm32f1xx_hal_gpio.c...
compiling stm32f1xx_hal_flash.c...
compiling stm32f1xx_hal_dma.c...
compiling stm32f1xx_hal_tim_ex.c...
compiling stm32f1xx_hal_cortex.c...
compiling stm32f1xx_hal_tim.c...
compiling stm32f1xx_hal_flash_ex.c...
compiling stm32f1xx_hal_pwr.c...
compiling stm32f1xx_hal_exti.c...
compiling system_stm32f1xx.c...
compiling syscall.c...
compiling stm32f1xx_hal_uart.c...
compiling user_diskio.c...
compiling fatfs.c...
compiling stm32f1xx_hal_spi.c...
compiling diskio.c...
compiling ff_gen_drv.c...
compiling ccsbcs.c...
compiling SD.c...
compiling ff.c...
linking...
Program Size: Code=16146 RO-data=1730 RW-data=56 ZI-data=10296  
FromELF: creating hex file...
"microSD_WR\microSD_WR.axf" - 0 Error(s), 0 Warning(s).
Build Time Elapsed:  00:00:02
